SF:lib/implementations/filters/logicals/and.dart
DA:4,4
DA:6,1
DA:8,2
DA:9,1
DA:17,0
DA:19,0
DA:20,0
DA:21,0
DA:22,0
DA:23,0
DA:25,0
DA:27,0
DA:28,0
LF:13
LH:4
end_of_record
SF:lib/proxies/filter_builder.dart
DA:3,2
DA:4,2
DA:5,2
DA:6,2
DA:11,1
DA:12,3
DA:13,3
DA:14,0
DA:15,3
DA:16,0
DA:17,3
DA:18,0
DA:19,3
DA:20,0
DA:21,3
DA:22,3
DA:23,3
LF:17
LH:13
end_of_record
SF:lib/abstractions/document.dart
DA:13,1
DA:16,3
DA:22,0
DA:23,0
DA:26,0
DA:27,0
DA:30,0
DA:34,0
DA:35,0
DA:40,0
DA:46,0
DA:47,0
DA:50,1
DA:51,1
DA:52,1
DA:56,1
DA:57,1
DA:58,1
DA:62,0
DA:65,0
DA:77,0
DA:79,0
DA:81,0
DA:86,0
DA:89,5
DA:92,0
DA:94,0
DA:95,0
DA:107,0
DA:110,0
LF:30
LH:9
end_of_record
SF:lib/abstractions/exceptions.dart
DA:7,0
DA:8,0
DA:10,0
DA:11,0
DA:12,0
DA:17,0
LF:6
LH:0
end_of_record
SF:lib/abstractions/filters.dart
DA:7,0
DA:8,0
DA:11,0
DA:12,0
DA:15,0
DA:16,0
DA:19,1
DA:20,2
DA:23,1
DA:24,2
DA:27,1
DA:28,1
DA:31,0
DA:34,0
DA:35,0
DA:36,0
DA:38,0
DA:39,0
DA:46,1
DA:54,3
DA:56,0
DA:61,1
DA:66,1
DA:68,0
DA:70,0
DA:71,0
DA:73,0
DA:74,0
DA:82,1
LF:29
LH:11
end_of_record
SF:lib/abstractions/modifiers.dart
DA:6,0
DA:9,0
DA:10,0
DA:11,0
DA:13,0
DA:14,0
DA:21,3
DA:23,0
DA:27,1
DA:35,1
LF:10
LH:3
end_of_record
SF:lib/abstractions/types.dart
DA:6,0
DA:7,0
DA:8,0
DA:10,0
DA:11,0
DA:12,0
DA:13,0
DA:14,0
DA:15,0
DA:16,0
DA:17,0
DA:21,0
DA:23,0
LF:13
LH:0
end_of_record
SF:lib/implementations/document.dart
DA:11,1
DA:15,1
DA:17,3
DA:18,5
DA:20,3
DA:25,1
DA:28,4
DA:29,2
DA:31,1
DA:32,3
DA:38,1
DA:40,3
DA:41,1
DA:42,5
DA:45,1
DA:48,3
DA:49,1
DA:50,5
DA:53,0
DA:54,0
DA:56,0
DA:57,0
DA:61,1
DA:63,1
DA:64,3
LF:25
LH:21
end_of_record
SF:lib/extensions/extensions.dart
DA:5,3
DA:6,0
DA:7,3
DA:8,3
DA:9,3
DA:10,0
DA:11,3
DA:12,3
DA:13,3
DA:14,0
DA:15,0
DA:16,0
DA:19,0
DA:20,0
DA:21,0
DA:22,0
DA:23,3
DA:24,0
DA:25,0
DA:26,0
DA:27,0
DA:28,0
DA:29,0
DA:30,0
DA:31,0
DA:35,0
LF:26
LH:8
end_of_record
SF:lib/implementations/collection.dart
DA:9,2
DA:11,1
DA:12,2
DA:14,0
DA:16,0
DA:19,1
DA:20,2
DA:22,0
DA:24,0
DA:27,1
DA:28,1
DA:30,3
DA:31,2
DA:32,1
DA:36,1
DA:37,3
DA:38,2
DA:39,2
DA:40,1
LF:19
LH:15
end_of_record
SF:lib/implementations/filters/comparables/equals.dart
DA:5,1
DA:7,1
DA:9,2
DA:10,2
DA:13,0
DA:14,0
LF:6
LH:4
end_of_record
SF:lib/utils/utils.dart
DA:1,1
DA:2,1
DA:3,1
DA:4,0
DA:5,0
DA:6,0
DA:12,1
DA:13,0
DA:14,0
DA:15,0
DA:19,1
DA:20,0
DA:21,0
DA:23,2
DA:24,1
DA:26,2
DA:27,1
DA:29,0
DA:30,0
LF:19
LH:9
end_of_record
SF:lib/implementations/filters/comparables/regex.dart
DA:6,2
DA:8,1
DA:10,2
DA:12,1
DA:13,0
DA:14,0
DA:17,2
LF:7
LH:5
end_of_record
SF:lib/implementations/filters/comparables_list/in.dart
DA:6,2
DA:7,2
DA:10,1
DA:12,2
DA:14,1
DA:15,2
DA:20,0
DA:21,0
LF:8
LH:6
end_of_record
SF:lib/implementations/filters/comparables_list/not_in.dart
DA:6,2
DA:7,2
DA:10,1
DA:12,2
DA:14,1
DA:15,2
DA:20,0
DA:21,0
LF:8
LH:6
end_of_record
SF:lib/implementations/filters/logicals/not.dart
DA:6,1
DA:8,1
DA:10,2
DA:13,0
DA:14,0
LF:5
LH:3
end_of_record
SF:lib/implementations/filters/logicals/or.dart
DA:4,4
DA:6,1
DA:8,2
DA:9,1
DA:17,0
DA:19,0
DA:20,0
DA:21,0
DA:22,0
DA:23,0
DA:25,0
DA:27,0
DA:28,0
LF:13
LH:4
end_of_record
SF:lib/implementations/filters/sortings_aware/greater_equal.dart
DA:4,1
DA:6,1
DA:8,2
DA:10,1
DA:11,3
DA:13,0
DA:19,0
DA:20,0
LF:8
LH:5
end_of_record
SF:lib/implementations/filters/sortings_aware/greater_than.dart
DA:4,1
DA:6,1
DA:8,2
DA:10,1
DA:11,3
DA:13,0
DA:19,0
DA:20,0
LF:8
LH:5
end_of_record
SF:lib/implementations/filters/sortings_aware/lesser_equal.dart
DA:4,1
DA:6,1
DA:8,2
DA:10,1
DA:11,3
DA:13,0
DA:19,0
DA:20,0
LF:8
LH:5
end_of_record
SF:lib/implementations/filters/sortings_aware/lesser_than.dart
DA:4,1
DA:6,1
DA:8,2
DA:10,1
DA:11,3
DA:13,0
DA:19,0
DA:20,0
LF:8
LH:5
end_of_record
SF:lib/implementations/modifiers/conditionated/max.dart
DA:6,1
DA:8,1
DA:10,7
DA:14,0
DA:15,0
LF:5
LH:3
end_of_record
SF:lib/implementations/modifiers/conditionated/min.dart
DA:6,1
DA:8,1
DA:10,7
DA:14,0
DA:15,0
LF:5
LH:3
end_of_record
SF:lib/implementations/modifiers/setters/current_date.dart
DA:6,2
DA:8,1
DA:10,3
DA:11,2
DA:12,2
DA:13,2
DA:14,6
DA:15,2
DA:16,2
DA:17,1
DA:21,0
DA:22,0
LF:12
LH:10
end_of_record
SF:lib/implementations/modifiers/setters/inc.dart
DA:8,1
DA:10,1
DA:12,4
DA:13,2
DA:17,0
DA:18,0
LF:6
LH:4
end_of_record
SF:lib/implementations/modifiers/setters/mul.dart
DA:8,1
DA:10,1
DA:12,4
DA:13,2
DA:17,0
DA:18,0
LF:6
LH:4
end_of_record
SF:lib/implementations/modifiers/setters/rename.dart
DA:6,1
DA:8,1
DA:10,1
DA:11,1
DA:12,1
DA:16,0
DA:17,0
LF:7
LH:5
end_of_record
SF:lib/implementations/modifiers/setters/set.dart
DA:6,1
DA:8,1
DA:10,3
DA:14,0
DA:15,0
LF:5
LH:3
end_of_record
SF:lib/implementations/modifiers/setters/unset.dart
DA:6,2
DA:8,1
DA:10,2
DA:14,0
DA:15,0
LF:5
LH:3
end_of_record
SF:lib/implementations/modifiers/setters_list/add_to_set.dart
DA:6,2
DA:8,1
DA:10,2
DA:11,2
DA:12,2
DA:13,1
DA:14,2
DA:18,0
DA:19,0
LF:9
LH:7
end_of_record
SF:lib/implementations/modifiers/setters_list/pop.dart
DA:6,2
DA:8,1
DA:10,2
DA:11,2
DA:12,2
DA:13,2
DA:17,0
DA:18,0
LF:8
LH:6
end_of_record
SF:lib/implementations/modifiers/setters_list/pull.dart
DA:7,2
DA:9,1
DA:11,2
DA:12,2
DA:13,2
DA:17,0
DA:18,0
LF:7
LH:5
end_of_record
SF:lib/implementations/modifiers/setters_list/push.dart
DA:6,1
DA:8,1
DA:10,2
DA:11,3
DA:12,2
DA:16,0
DA:17,0
LF:7
LH:5
end_of_record
SF:lib/implementations/modifiers/setters_list/sort.dart
DA:6,2
DA:8,1
DA:10,2
DA:11,3
DA:12,2
DA:16,0
DA:17,0
LF:7
LH:5
end_of_record
SF:lib/proxies/modifier_builder.dart
DA:3,2
DA:8,1
DA:9,3
DA:10,3
DA:11,3
DA:12,3
DA:13,3
DA:14,3
DA:15,3
DA:16,3
DA:17,3
DA:18,3
DA:19,3
DA:20,3
DA:21,3
LF:15
LH:15
end_of_record
